.
Time: 0.18

OK (1 test)

.E
Time: 0.354
There was 1 error:
1) testDuplicateAddDataSource(crystal.client.ProjectPreferencesTest)java.lang.RuntimeException: Error adding new source; short name: shortName already exists for project: shortName
	at crystal.client.ProjectPreferences.addDataSource(ProjectPreferences.java:81)
	at crystal.client.ProjectPreferencesTest.testDuplicateAddDataSource(ProjectPreferencesTest.java:50)
	at sun.reflect.NativeMethodAccessorImpl.invoke0(Native Method)
	at sun.reflect.NativeMethodAccessorImpl.invoke(NativeMethodAccessorImpl.java:57)
	at sun.reflect.DelegatingMethodAccessorImpl.invoke(DelegatingMethodAccessorImpl.java:43)
	at edu.washington.cs.dt.util.TestRunnerWrapper.main(TestRunnerWrapper.java:53)

FAILURES!!!
Tests run: 1,  Failures: 0,  Errors: 1

.E
Time: 0
There was 1 error:
1) testSetRemoteCmd(crystal.model.DataSourceTest)java.lang.NullPointerException
	at crystal.model.DataSourceTest.testSetRemoteCmd(DataSourceTest.java:85)
	at sun.reflect.NativeMethodAccessorImpl.invoke0(Native Method)
	at sun.reflect.NativeMethodAccessorImpl.invoke(NativeMethodAccessorImpl.java:57)
	at sun.reflect.DelegatingMethodAccessorImpl.invoke(DelegatingMethodAccessorImpl.java:43)
	at edu.washington.cs.dt.util.TestRunnerWrapper.main(TestRunnerWrapper.java:53)

FAILURES!!!
Tests run: 1,  Failures: 0,  Errors: 1

File not found
File not found
.E
Time: 0.527
There was 1 error:
1) testParseLog(crystal.server.HgLogParserTest)java.lang.NullPointerException
	at crystal.server.HgLogParserTest.testParseLog(HgLogParserTest.java:61)
	at sun.reflect.NativeMethodAccessorImpl.invoke0(Native Method)
	at sun.reflect.NativeMethodAccessorImpl.invoke(NativeMethodAccessorImpl.java:57)
	at sun.reflect.DelegatingMethodAccessorImpl.invoke(DelegatingMethodAccessorImpl.java:43)
	at edu.washington.cs.dt.util.TestRunnerWrapper.main(TestRunnerWrapper.java:53)

FAILURES!!!
Tests run: 1,  Failures: 0,  Errors: 1

.E
Time: 0
There was 1 error:
1) testDuplicateAddProjectPreferences(crystal.client.ClientPreferencesTest)crystal.client.ClientPreferences$DuplicateProjectNameException: Duplicate project name: shortName
	at crystal.client.ClientPreferences.addProjectPreferences(ClientPreferences.java:217)
	at crystal.client.ClientPreferencesTest.testDuplicateAddProjectPreferences(ClientPreferencesTest.java:83)
	at sun.reflect.NativeMethodAccessorImpl.invoke0(Native Method)
	at sun.reflect.NativeMethodAccessorImpl.invoke(NativeMethodAccessorImpl.java:57)
	at sun.reflect.DelegatingMethodAccessorImpl.invoke(DelegatingMethodAccessorImpl.java:43)
	at edu.washington.cs.dt.util.TestRunnerWrapper.main(TestRunnerWrapper.java:53)

FAILURES!!!
Tests run: 1,  Failures: 0,  Errors: 1

.E
Time: 0.004
There was 1 error:
1) testSetCloneString(crystal.model.DataSourceTest)java.lang.NullPointerException
	at crystal.model.DataSourceTest.testSetCloneString(DataSourceTest.java:149)
	at sun.reflect.NativeMethodAccessorImpl.invoke0(Native Method)
	at sun.reflect.NativeMethodAccessorImpl.invoke(NativeMethodAccessorImpl.java:57)
	at sun.reflect.DelegatingMethodAccessorImpl.invoke(DelegatingMethodAccessorImpl.java:43)
	at edu.washington.cs.dt.util.TestRunnerWrapper.main(TestRunnerWrapper.java:53)

FAILURES!!!
Tests run: 1,  Failures: 0,  Errors: 1

.
Time: 3.548

OK (1 test)

.E
Time: 0
There was 1 error:
1) testGetName(crystal.model.LocalStateResultTest)java.lang.NullPointerException
	at crystal.model.LocalStateResultTest.testGetName(LocalStateResultTest.java:91)
	at sun.reflect.NativeMethodAccessorImpl.invoke0(Native Method)
	at sun.reflect.NativeMethodAccessorImpl.invoke(NativeMethodAccessorImpl.java:57)
	at sun.reflect.DelegatingMethodAccessorImpl.invoke(DelegatingMethodAccessorImpl.java:43)
	at edu.washington.cs.dt.util.TestRunnerWrapper.main(TestRunnerWrapper.java:53)

FAILURES!!!
Tests run: 1,  Failures: 0,  Errors: 1

.
Time: 0.134

OK (1 test)

.E
Time: 0.012
There was 1 error:
1) testNullIntersection(crystal.util.SetOperationsTest)java.lang.IllegalArgumentException: Null input
	at crystal.util.ValidInputChecker.checkNullInput(ValidInputChecker.java:125)
	at crystal.util.SetOperations.intersection(SetOperations.java:18)
	at crystal.util.SetOperationsTest.testNullIntersection(SetOperationsTest.java:22)
	at sun.reflect.NativeMethodAccessorImpl.invoke0(Native Method)
	at sun.reflect.NativeMethodAccessorImpl.invoke(NativeMethodAccessorImpl.java:57)
	at sun.reflect.DelegatingMethodAccessorImpl.invoke(DelegatingMethodAccessorImpl.java:43)
	at edu.washington.cs.dt.util.TestRunnerWrapper.main(TestRunnerWrapper.java:53)

FAILURES!!!
Tests run: 1,  Failures: 0,  Errors: 1

.
Time: 0

OK (1 test)

.
Time: 0

OK (1 test)

.
Time: 0.079

OK (1 test)

.
Time: 0

OK (1 test)

.
Time: 0

OK (1 test)

.E
Time: 2.611
There was 1 error:
1) testSetHistory(crystal.model.DataSourceTest)java.lang.NullPointerException
	at crystal.model.DataSourceTest.testSetHistory(DataSourceTest.java:67)
	at sun.reflect.NativeMethodAccessorImpl.invoke0(Native Method)
	at sun.reflect.NativeMethodAccessorImpl.invoke(NativeMethodAccessorImpl.java:57)
	at sun.reflect.DelegatingMethodAccessorImpl.invoke(DelegatingMethodAccessorImpl.java:43)
	at edu.washington.cs.dt.util.TestRunnerWrapper.main(TestRunnerWrapper.java:53)

FAILURES!!!
Tests run: 1,  Failures: 0,  Errors: 1

.E
Time: 0
There was 1 error:
1) testSetKind(crystal.model.DataSourceTest)java.lang.NullPointerException
	at crystal.model.DataSourceTest.testSetKind(DataSourceTest.java:139)
	at sun.reflect.NativeMethodAccessorImpl.invoke0(Native Method)
	at sun.reflect.NativeMethodAccessorImpl.invoke(NativeMethodAccessorImpl.java:57)
	at sun.reflect.DelegatingMethodAccessorImpl.invoke(DelegatingMethodAccessorImpl.java:43)
	at edu.washington.cs.dt.util.TestRunnerWrapper.main(TestRunnerWrapper.java:53)

FAILURES!!!
Tests run: 1,  Failures: 0,  Errors: 1

.E
Time: 0.248
There was 1 error:
1) testGetCommitters(crystal.model.RevisionHistoryTest)java.lang.NullPointerException
	at crystal.model.RevisionHistoryTest.testGetCommitters(RevisionHistoryTest.java:114)
	at sun.reflect.NativeMethodAccessorImpl.invoke0(Native Method)
	at sun.reflect.NativeMethodAccessorImpl.invoke(NativeMethodAccessorImpl.java:57)
	at sun.reflect.DelegatingMethodAccessorImpl.invoke(DelegatingMethodAccessorImpl.java:43)
	at edu.washington.cs.dt.util.TestRunnerWrapper.main(TestRunnerWrapper.java:53)

FAILURES!!!
Tests run: 1,  Failures: 0,  Errors: 1

.E
Time: 0
There was 1 error:
1) testNullUnion(crystal.util.SetOperationsTest)java.lang.IllegalArgumentException: Null input
	at crystal.util.ValidInputChecker.checkNullInput(ValidInputChecker.java:125)
	at crystal.util.SetOperations.union(SetOperations.java:39)
	at crystal.util.SetOperationsTest.testNullUnion(SetOperationsTest.java:45)
	at sun.reflect.NativeMethodAccessorImpl.invoke0(Native Method)
	at sun.reflect.NativeMethodAccessorImpl.invoke(NativeMethodAccessorImpl.java:57)
	at sun.reflect.DelegatingMethodAccessorImpl.invoke(DelegatingMethodAccessorImpl.java:43)
	at edu.washington.cs.dt.util.TestRunnerWrapper.main(TestRunnerWrapper.java:53)

FAILURES!!!
Tests run: 1,  Failures: 0,  Errors: 1

.
Time: 0.008

OK (1 test)

.E
Time: 0.002
There was 1 error:
1) testIsHidden(crystal.model.DataSourceTest)java.lang.NullPointerException
	at crystal.model.DataSourceTest.testIsHidden(DataSourceTest.java:116)
	at sun.reflect.NativeMethodAccessorImpl.invoke0(Native Method)
	at sun.reflect.NativeMethodAccessorImpl.invoke(NativeMethodAccessorImpl.java:57)
	at sun.reflect.DelegatingMethodAccessorImpl.invoke(DelegatingMethodAccessorImpl.java:43)
	at edu.washington.cs.dt.util.TestRunnerWrapper.main(TestRunnerWrapper.java:53)

FAILURES!!!
Tests run: 1,  Failures: 0,  Errors: 1

.
Time: 0.002

OK (1 test)

.E
Time: 0
There was 1 error:
1) testParseNullLog(crystal.server.HgLogParserTest)java.lang.IllegalArgumentException: Null input
	at crystal.util.ValidInputChecker.checkNullInput(ValidInputChecker.java:125)
	at crystal.server.AbstractLogParser.abstractParseLog(AbstractLogParser.java:129)
	at crystal.server.HgLogParser.parseLog(HgLogParser.java:34)
	at crystal.server.HgLogParserTest.testParseNullLog(HgLogParserTest.java:29)
	at sun.reflect.NativeMethodAccessorImpl.invoke0(Native Method)
	at sun.reflect.NativeMethodAccessorImpl.invoke(NativeMethodAccessorImpl.java:57)
	at sun.reflect.DelegatingMethodAccessorImpl.invoke(DelegatingMethodAccessorImpl.java:43)
	at edu.washington.cs.dt.util.TestRunnerWrapper.main(TestRunnerWrapper.java:53)

FAILURES!!!
Tests run: 1,  Failures: 0,  Errors: 1

.
Time: 0

OK (1 test)

.E
Time: 0.396
There was 1 error:
1) testEqualsObject(crystal.model.RevisionHistoryTest)java.lang.NullPointerException
	at crystal.model.RevisionHistoryTest.testEqualsObject(RevisionHistoryTest.java:61)
	at sun.reflect.NativeMethodAccessorImpl.invoke0(Native Method)
	at sun.reflect.NativeMethodAccessorImpl.invoke(NativeMethodAccessorImpl.java:57)
	at sun.reflect.DelegatingMethodAccessorImpl.invoke(DelegatingMethodAccessorImpl.java:43)
	at edu.washington.cs.dt.util.TestRunnerWrapper.main(TestRunnerWrapper.java:53)

FAILURES!!!
Tests run: 1,  Failures: 0,  Errors: 1

.E
Time: 0.784
There was 1 error:
1) testSuperSubHistory(crystal.model.RevisionHistoryTest)java.lang.NullPointerException
	at crystal.model.RevisionHistoryTest.testSuperSubHistory(RevisionHistoryTest.java:91)
	at sun.reflect.NativeMethodAccessorImpl.invoke0(Native Method)
	at sun.reflect.NativeMethodAccessorImpl.invoke(NativeMethodAccessorImpl.java:57)
	at sun.reflect.DelegatingMethodAccessorImpl.invoke(DelegatingMethodAccessorImpl.java:43)
	at edu.washington.cs.dt.util.TestRunnerWrapper.main(TestRunnerWrapper.java:53)

FAILURES!!!
Tests run: 1,  Failures: 0,  Errors: 1

.ERROR 2014-02-05 11:16:15,182 (ConflictDaemon.java:221) - Runtime Exception caught while getting state for: shortName_2_HG_cloneString_2
null
java.lang.NullPointerException
	at crystal.client.ConflictClient.refresh(ConflictClient.java:486)
	at crystal.client.ConflictClient.update(ConflictClient.java:561)
	at crystal.client.ConflictDaemon.calculateLocalState(ConflictDaemon.java:214)
	at crystal.client.ConflictDaemonTest.testLocalState(ConflictDaemonTest.java:57)
	at sun.reflect.NativeMethodAccessorImpl.invoke0(Native Method)
	at sun.reflect.NativeMethodAccessorImpl.invoke(NativeMethodAccessorImpl.java:57)
	at sun.reflect.DelegatingMethodAccessorImpl.invoke(DelegatingMethodAccessorImpl.java:43)
	at java.lang.reflect.Method.invoke(Method.java:606)
	at junit.framework.TestCase.runTest(TestCase.java:168)
	at junit.framework.TestCase.runBare(TestCase.java:134)
	at junit.framework.TestResult$1.protect(TestResult.java:110)
	at junit.framework.TestResult.runProtected(TestResult.java:128)
	at junit.framework.TestResult.run(TestResult.java:113)
	at junit.framework.TestCase.run(TestCase.java:124)
	at junit.textui.TestRunner.doRun(TestRunner.java:116)
	at junit.textui.TestRunner.runSingleMethod(TestRunner.java:189)
	at junit.textui.TestRunner.start(TestRunner.java:178)
	at edu.washington.cs.dt.util.TestRunnerWrapper.main(TestRunnerWrapper.java:53)

Time: 3.263

OK (1 test)

.E
Time: 2.809
There was 1 error:
1) testInvalidPanelParameter(crystal.util.SpringLayoutUtilityTest)java.lang.IllegalArgumentException: Invalid input for panel.
	at crystal.util.SpringLayoutUtility.formGridInColumn(SpringLayoutUtility.java:35)
	at crystal.util.SpringLayoutUtilityTest.testInvalidPanelParameter(SpringLayoutUtilityTest.java:23)
	at sun.reflect.NativeMethodAccessorImpl.invoke0(Native Method)
	at sun.reflect.NativeMethodAccessorImpl.invoke(NativeMethodAccessorImpl.java:57)
	at sun.reflect.DelegatingMethodAccessorImpl.invoke(DelegatingMethodAccessorImpl.java:43)
	at edu.washington.cs.dt.util.TestRunnerWrapper.main(TestRunnerWrapper.java:53)

FAILURES!!!
Tests run: 1,  Failures: 0,  Errors: 1

.E
Time: 0
There was 1 error:
1) testSetCompileCommand(crystal.model.DataSourceTest)java.lang.NullPointerException
	at crystal.model.DataSourceTest.testSetCompileCommand(DataSourceTest.java:95)
	at sun.reflect.NativeMethodAccessorImpl.invoke0(Native Method)
	at sun.reflect.NativeMethodAccessorImpl.invoke(NativeMethodAccessorImpl.java:57)
	at sun.reflect.DelegatingMethodAccessorImpl.invoke(DelegatingMethodAccessorImpl.java:43)
	at edu.washington.cs.dt.util.TestRunnerWrapper.main(TestRunnerWrapper.java:53)

FAILURES!!!
Tests run: 1,  Failures: 0,  Errors: 1

.F
Time: 0.002
There was 1 failure:
1) testRelationship(crystal.client.ConflictDaemonTest)junit.framework.AssertionFailedError: non listeners expected:<0> but was:<2>
	at crystal.client.ConflictDaemonTest.testRelationship(ConflictDaemonTest.java:101)
	at sun.reflect.NativeMethodAccessorImpl.invoke0(Native Method)
	at sun.reflect.NativeMethodAccessorImpl.invoke(NativeMethodAccessorImpl.java:57)
	at sun.reflect.DelegatingMethodAccessorImpl.invoke(DelegatingMethodAccessorImpl.java:43)
	at edu.washington.cs.dt.util.TestRunnerWrapper.main(TestRunnerWrapper.java:53)

FAILURES!!!
Tests run: 1,  Failures: 1,  Errors: 0

.E
Time: 0.026
There was 1 error:
1) testGetAction(crystal.model.LocalStateResultTest)java.lang.NullPointerException
	at crystal.model.LocalStateResultTest.testGetAction(LocalStateResultTest.java:74)
	at sun.reflect.NativeMethodAccessorImpl.invoke0(Native Method)
	at sun.reflect.NativeMethodAccessorImpl.invoke(NativeMethodAccessorImpl.java:57)
	at sun.reflect.DelegatingMethodAccessorImpl.invoke(DelegatingMethodAccessorImpl.java:43)
	at edu.washington.cs.dt.util.TestRunnerWrapper.main(TestRunnerWrapper.java:53)

FAILURES!!!
Tests run: 1,  Failures: 0,  Errors: 1

.
Time: 0.065

OK (1 test)

.E
Time: 0
There was 1 error:
1) testGetNoErrorMessage(crystal.model.LocalStateResultTest)java.lang.NullPointerException
	at crystal.model.LocalStateResultTest.testGetNoErrorMessage(LocalStateResultTest.java:99)
	at sun.reflect.NativeMethodAccessorImpl.invoke0(Native Method)
	at sun.reflect.NativeMethodAccessorImpl.invoke(NativeMethodAccessorImpl.java:57)
	at sun.reflect.DelegatingMethodAccessorImpl.invoke(DelegatingMethodAccessorImpl.java:43)
	at edu.washington.cs.dt.util.TestRunnerWrapper.main(TestRunnerWrapper.java:53)

FAILURES!!!
Tests run: 1,  Failures: 0,  Errors: 1

.
Time: 0.023

OK (1 test)

.
Time: 0

OK (1 test)

.
Time: 0

OK (1 test)

.
Time: 0

OK (1 test)

.
Time: 0

OK (1 test)

.
Time: 0.004

OK (1 test)

.E
Time: 0
There was 1 error:
1) testSetParent(crystal.model.DataSourceTest)java.lang.NullPointerException
	at crystal.model.DataSourceTest.testSetParent(DataSourceTest.java:126)
	at sun.reflect.NativeMethodAccessorImpl.invoke0(Native Method)
	at sun.reflect.NativeMethodAccessorImpl.invoke(NativeMethodAccessorImpl.java:57)
	at sun.reflect.DelegatingMethodAccessorImpl.invoke(DelegatingMethodAccessorImpl.java:43)
	at edu.washington.cs.dt.util.TestRunnerWrapper.main(TestRunnerWrapper.java:53)

FAILURES!!!
Tests run: 1,  Failures: 0,  Errors: 1

.

Time: 0

OK (1 test)

.
Time: 0

OK (1 test)

.
Time: 0

OK (1 test)

.
Time: 0.088

OK (1 test)

.
Time: 0.001

OK (1 test)

.E
Time: 0
There was 1 error:
1) testToString(crystal.model.LocalStateResultTest)java.lang.NullPointerException
	at crystal.model.LocalStateResultTest.testToString(LocalStateResultTest.java:116)
	at sun.reflect.NativeMethodAccessorImpl.invoke0(Native Method)
	at sun.reflect.NativeMethodAccessorImpl.invoke(NativeMethodAccessorImpl.java:57)
	at sun.reflect.DelegatingMethodAccessorImpl.invoke(DelegatingMethodAccessorImpl.java:43)
	at edu.washington.cs.dt.util.TestRunnerWrapper.main(TestRunnerWrapper.java:53)

FAILURES!!!
Tests run: 1,  Failures: 0,  Errors: 1

.E
Time: 0
There was 1 error:
1) testNullInputConstructor(crystal.client.ClientPreferencesTest)java.lang.IllegalArgumentException: Invalid string input
	at crystal.util.ValidInputChecker.checkValidStringInput(ValidInputChecker.java:135)
	at crystal.client.ClientPreferences.<init>(ClientPreferences.java:175)
	at crystal.client.ClientPreferencesTest.testNullInputConstructor(ClientPreferencesTest.java:35)
	at sun.reflect.NativeMethodAccessorImpl.invoke0(Native Method)
	at sun.reflect.NativeMethodAccessorImpl.invoke(NativeMethodAccessorImpl.java:57)
	at sun.reflect.DelegatingMethodAccessorImpl.invoke(DelegatingMethodAccessorImpl.java:43)
	at edu.washington.cs.dt.util.TestRunnerWrapper.main(TestRunnerWrapper.java:53)

FAILURES!!!
Tests run: 1,  Failures: 0,  Errors: 1

.
Time: 0

OK (1 test)

.E
Time: 0
There was 1 error:
1) testGetLastAction(crystal.model.LocalStateResultTest)java.lang.NullPointerException
	at crystal.model.LocalStateResultTest.testGetLastAction(LocalStateResultTest.java:83)
	at sun.reflect.NativeMethodAccessorImpl.invoke0(Native Method)
	at sun.reflect.NativeMethodAccessorImpl.invoke(NativeMethodAccessorImpl.java:57)
	at sun.reflect.DelegatingMethodAccessorImpl.invoke(DelegatingMethodAccessorImpl.java:43)
	at edu.washington.cs.dt.util.TestRunnerWrapper.main(TestRunnerWrapper.java:53)

FAILURES!!!
Tests run: 1,  Failures: 0,  Errors: 1

.E
Time: 0
There was 1 error:
1) testGetLastLocalState(crystal.model.LocalStateResultTest)java.lang.NullPointerException
	at crystal.model.LocalStateResultTest.testGetLastLocalState(LocalStateResultTest.java:133)
	at sun.reflect.NativeMethodAccessorImpl.invoke0(Native Method)
	at sun.reflect.NativeMethodAccessorImpl.invoke(NativeMethodAccessorImpl.java:57)
	at sun.reflect.DelegatingMethodAccessorImpl.invoke(DelegatingMethodAccessorImpl.java:43)
	at edu.washington.cs.dt.util.TestRunnerWrapper.main(TestRunnerWrapper.java:53)

FAILURES!!!
Tests run: 1,  Failures: 0,  Errors: 1

.E
Time: 0
There was 1 error:
1) testToString(crystal.model.DataSourceTest)java.lang.NullPointerException
	at crystal.model.DataSourceTest.testToString(DataSourceTest.java:163)
	at sun.reflect.NativeMethodAccessorImpl.invoke0(Native Method)
	at sun.reflect.NativeMethodAccessorImpl.invoke(NativeMethodAccessorImpl.java:57)
	at sun.reflect.DelegatingMethodAccessorImpl.invoke(DelegatingMethodAccessorImpl.java:43)
	at edu.washington.cs.dt.util.TestRunnerWrapper.main(TestRunnerWrapper.java:53)

FAILURES!!!
Tests run: 1,  Failures: 0,  Errors: 1

.
Time: 0

OK (1 test)

.
Time: 0

OK (1 test)

.
Time: 0.001

OK (1 test)

.
Time: 0

OK (1 test)

.F
Time: 0
There was 1 failure:
1) testGetProjectCheckoutLocation(crystal.client.ProjectPreferencesTest)junit.framework.AssertionFailedError: null
	at crystal.client.ProjectPreferencesTest.testGetProjectCheckoutLocation(ProjectPreferencesTest.java:167)
	at sun.reflect.NativeMethodAccessorImpl.invoke0(Native Method)
	at sun.reflect.NativeMethodAccessorImpl.invoke(NativeMethodAccessorImpl.java:57)
	at sun.reflect.DelegatingMethodAccessorImpl.invoke(DelegatingMethodAccessorImpl.java:43)
	at edu.washington.cs.dt.util.TestRunnerWrapper.main(TestRunnerWrapper.java:53)

FAILURES!!!
Tests run: 1,  Failures: 1,  Errors: 0

.
Time: 0

OK (1 test)

.
Time: 0.001

OK (1 test)

.E
Time: 0
There was 1 error:
1) testSetEnabled(crystal.model.DataSourceTest)java.lang.NullPointerException
	at crystal.model.DataSourceTest.testSetEnabled(DataSourceTest.java:106)
	at sun.reflect.NativeMethodAccessorImpl.invoke0(Native Method)
	at sun.reflect.NativeMethodAccessorImpl.invoke(NativeMethodAccessorImpl.java:57)
	at sun.reflect.DelegatingMethodAccessorImpl.invoke(DelegatingMethodAccessorImpl.java:43)
	at edu.washington.cs.dt.util.TestRunnerWrapper.main(TestRunnerWrapper.java:53)

FAILURES!!!
Tests run: 1,  Failures: 0,  Errors: 1

.E
Time: 0
There was 1 error:
1) testStrangeNameConstructor(crystal.model.RelationshipTest)java.lang.RuntimeException: Trying to create an invalid Relationship
	at crystal.model.Relationship.<init>(Relationship.java:111)
	at crystal.model.RelationshipTest.testStrangeNameConstructor(RelationshipTest.java:29)
	at sun.reflect.NativeMethodAccessorImpl.invoke0(Native Method)
	at sun.reflect.NativeMethodAccessorImpl.invoke(NativeMethodAccessorImpl.java:57)
	at sun.reflect.DelegatingMethodAccessorImpl.invoke(DelegatingMethodAccessorImpl.java:43)
	at edu.washington.cs.dt.util.TestRunnerWrapper.main(TestRunnerWrapper.java:53)

FAILURES!!!
Tests run: 1,  Failures: 0,  Errors: 1

.E
Time: 0
There was 1 error:
1) testGetLocalState(crystal.model.LocalStateResultTest)java.lang.NullPointerException
	at crystal.model.LocalStateResultTest.testGetLocalState(LocalStateResultTest.java:125)
	at sun.reflect.NativeMethodAccessorImpl.invoke0(Native Method)
	at sun.reflect.NativeMethodAccessorImpl.invoke(NativeMethodAccessorImpl.java:57)
	at sun.reflect.DelegatingMethodAccessorImpl.invoke(DelegatingMethodAccessorImpl.java:43)
	at edu.washington.cs.dt.util.TestRunnerWrapper.main(TestRunnerWrapper.java:53)

FAILURES!!!
Tests run: 1,  Failures: 0,  Errors: 1

.E
Time: 0
There was 1 error:
1) testGetLastErrorMessage(crystal.model.LocalStateResultTest)java.lang.NullPointerException
	at crystal.model.LocalStateResultTest.testGetLastErrorMessage(LocalStateResultTest.java:108)
	at sun.reflect.NativeMethodAccessorImpl.invoke0(Native Method)
	at sun.reflect.NativeMethodAccessorImpl.invoke(NativeMethodAccessorImpl.java:57)
	at sun.reflect.DelegatingMethodAccessorImpl.invoke(DelegatingMethodAccessorImpl.java:43)
	at edu.washington.cs.dt.util.TestRunnerWrapper.main(TestRunnerWrapper.java:53)

FAILURES!!!
Tests run: 1,  Failures: 0,  Errors: 1

.
Time: 0.001

OK (1 test)

0-th run
Pass: 32, Fail: 2, Error: 29
{crystal.model.RelationshipTest.testGetDominant=PASS, crystal.client.ProjectPreferencesTest.testDuplicateAddDataSource=ERROR, crystal.model.DataSourceTest.testSetRemoteCmd=ERROR, crystal.server.HgLogParserTest.testParseLog=ERROR, crystal.client.ClientPreferencesTest.testDuplicateAddProjectPreferences=ERROR, crystal.model.DataSourceTest.testSetCloneString=ERROR, crystal.model.RelationshipTest.testGetActionRepoKind=PASS, crystal.model.LocalStateResultTest.testGetName=ERROR, crystal.client.ConflictDaemonTest.testAddListener=PASS, crystal.util.SetOperationsTest.testNullIntersection=ERROR, crystal.client.ClientPreferencesTest.testClientPreferences=PASS, crystal.model.LocalStateResultTest.testStrangeActionName=PASS, crystal.server.GuidanceCheckerTest.testGetWhen=PASS, crystal.util.SetOperationsTest.testUnion=PASS, crystal.client.ProjectPreferencesTest.testRemoveDataSource=PASS, crystal.model.DataSourceTest.testSetHistory=ERROR, crystal.model.DataSourceTest.testSetKind=ERROR, crystal.model.RevisionHistoryTest.testGetCommitters=ERROR, crystal.util.SetOperationsTest.testNullUnion=ERROR, crystal.server.HgLogParserTest.testTwoLogs=PASS, crystal.model.DataSourceTest.testIsHidden=ERROR, crystal.client.ClientPreferencesTest.testDuplicateProject=PASS, crystal.server.HgLogParserTest.testParseNullLog=ERROR, crystal.client.ConflictDaemonTest.testGetInstance=PASS, crystal.model.RevisionHistoryTest.testEqualsObject=ERROR, crystal.model.RevisionHistoryTest.testSuperSubHistory=ERROR, crystal.client.ConflictDaemonTest.testLocalState=PASS, crystal.util.SpringLayoutUtilityTest.testInvalidPanelParameter=ERROR, crystal.model.DataSourceTest.testSetCompileCommand=ERROR, crystal.client.ConflictDaemonTest.testRelationship=FAILURE, crystal.model.LocalStateResultTest.testGetAction=ERROR, crystal.server.GuidanceCheckerTest.testGetCommitters=PASS, crystal.model.LocalStateResultTest.testGetNoErrorMessage=ERROR, crystal.client.ClientPreferencesTest.testDefaultSetting=PASS, crystal.model.DataSourceTest.testClone=PASS, crystal.client.ClientPreferencesTest.testAddProjectPreferences=PASS, crystal.client.ClientPreferencesTest.testRemoveProjectPreferencesAtIndex=PASS, crystal.model.LocalStateResultTest.testErrorActionNameConstructor=PASS, crystal.client.ClientPreferencesTest.testClone=PASS, crystal.model.DataSourceTest.testSetParent=ERROR, crystal.util.SetOperationsTest.testIntersection=PASS, crystal.server.HgLogParserTest.testSingleLog=PASS, crystal.util.SetOperationsTest.testSetDifference=PASS, crystal.model.RelationshipTest.testEqualsObject=PASS, crystal.client.ClientPreferencesTest.testRemoveProjectPreferences=PASS, crystal.model.LocalStateResultTest.testToString=ERROR, crystal.client.ClientPreferencesTest.testNullInputConstructor=ERROR, crystal.client.ProjectPreferencesTest.testGetNumOfVisibleSources=PASS, crystal.model.LocalStateResultTest.testGetLastAction=ERROR, crystal.model.LocalStateResultTest.testGetLastLocalState=ERROR, crystal.model.DataSourceTest.testToString=ERROR, crystal.client.ProjectPreferencesTest.testProjectPreferences=PASS, crystal.util.SetOperationsTest.testXor=PASS, crystal.model.RelationshipTest.testConstructor=PASS, crystal.client.ProjectPreferencesTest.testAddDataSource=PASS, crystal.client.ProjectPreferencesTest.testGetProjectCheckoutLocation=FAILURE, crystal.client.ProjectPreferencesTest.testClone=PASS, crystal.model.RelationshipTest.testCalculateAction=PASS, crystal.model.DataSourceTest.testSetEnabled=ERROR, crystal.model.RelationshipTest.testStrangeNameConstructor=ERROR, crystal.model.LocalStateResultTest.testGetLocalState=ERROR, crystal.model.LocalStateResultTest.testGetLastErrorMessage=ERROR, crystal.model.DataSourceTest.testSetField=PASS}

